Connecting to database specified by database.yml
Compiled jquery.js  (5ms)  (pid 4424)
Compiled jquery_ujs.js  (0ms)  (pid 4424)
Compiled bootstrap-transition.js  (0ms)  (pid 4424)
Compiled bootstrap-affix.js  (0ms)  (pid 4424)
Compiled bootstrap-alert.js  (0ms)  (pid 4424)
Compiled bootstrap-button.js  (0ms)  (pid 4424)
Compiled bootstrap-carousel.js  (0ms)  (pid 4424)
Compiled bootstrap-collapse.js  (0ms)  (pid 4424)
Compiled bootstrap-dropdown.js  (0ms)  (pid 4424)
Compiled bootstrap-modal.js  (0ms)  (pid 4424)
Compiled bootstrap-scrollspy.js  (0ms)  (pid 4424)
Compiled bootstrap-tab.js  (0ms)  (pid 4424)
Compiled bootstrap-tooltip.js  (0ms)  (pid 4424)
Compiled bootstrap-popover.js  (0ms)  (pid 4424)
Compiled bootstrap-typeahead.js  (0ms)  (pid 4424)
Compiled bootstrap.js  (150ms)  (pid 4424)
Compiled home.js  (166ms)  (pid 4424)
Compiled horses.js  (80ms)  (pid 4424)
Compiled pages.js  (68ms)  (pid 4424)
Compiled static_pages.js  (66ms)  (pid 4424)
Compiled application.js  (626ms)  (pid 4424)
Compiled bootstrap_and_overrides.css  (2504ms)  (pid 4424)
Compiled home.css  (1ms)  (pid 4424)
Compiled horses.css  (1ms)  (pid 4424)
Compiled pages.css  (1ms)  (pid 4424)
Compiled static_pages.css  (4ms)  (pid 4424)
Compiled application.css  (2597ms)  (pid 4424)
Connecting to database specified by database.yml
Compiled jquery.js  (4ms)  (pid 4424)
Compiled jquery_ujs.js  (0ms)  (pid 4424)
Compiled bootstrap-transition.js  (0ms)  (pid 4424)
Compiled bootstrap-affix.js  (0ms)  (pid 4424)
Compiled bootstrap-alert.js  (0ms)  (pid 4424)
Compiled bootstrap-button.js  (0ms)  (pid 4424)
Compiled bootstrap-carousel.js  (0ms)  (pid 4424)
Compiled bootstrap-collapse.js  (0ms)  (pid 4424)
Compiled bootstrap-dropdown.js  (0ms)  (pid 4424)
Compiled bootstrap-modal.js  (0ms)  (pid 4424)
Compiled bootstrap-scrollspy.js  (0ms)  (pid 4424)
Compiled bootstrap-tab.js  (0ms)  (pid 4424)
Compiled bootstrap-tooltip.js  (0ms)  (pid 4424)
Compiled bootstrap-popover.js  (0ms)  (pid 4424)
Compiled bootstrap-typeahead.js  (0ms)  (pid 4424)
Compiled bootstrap.js  (150ms)  (pid 4424)
Compiled home.js  (101ms)  (pid 4424)
Compiled horses.js  (101ms)  (pid 4424)
Compiled pages.js  (87ms)  (pid 4424)
Compiled static_pages.js  (83ms)  (pid 4424)
Compiled application.js  (583ms)  (pid 4424)
Compiled bootstrap_and_overrides.css  (2130ms)  (pid 4424)
Compiled home.css  (1ms)  (pid 4424)
Compiled horses.css  (1ms)  (pid 4424)
Compiled pages.css  (1ms)  (pid 4424)
Compiled static_pages.css  (4ms)  (pid 4424)
Compiled application.css  (2205ms)  (pid 4424)
Connecting to database specified by database.yml
Compiled jquery.js  (4ms)  (pid 4456)
Compiled jquery_ujs.js  (0ms)  (pid 4456)
Compiled bootstrap-transition.js  (0ms)  (pid 4456)
Compiled bootstrap-affix.js  (0ms)  (pid 4456)
Compiled bootstrap-alert.js  (0ms)  (pid 4456)
Compiled bootstrap-button.js  (0ms)  (pid 4456)
Compiled bootstrap-carousel.js  (0ms)  (pid 4456)
Compiled bootstrap-collapse.js  (0ms)  (pid 4456)
Compiled bootstrap-dropdown.js  (0ms)  (pid 4456)
Compiled bootstrap-modal.js  (0ms)  (pid 4456)
Compiled bootstrap-scrollspy.js  (0ms)  (pid 4456)
Compiled bootstrap-tab.js  (0ms)  (pid 4456)
Compiled bootstrap-tooltip.js  (0ms)  (pid 4456)
Compiled bootstrap-popover.js  (0ms)  (pid 4456)
Compiled bootstrap-typeahead.js  (0ms)  (pid 4456)
Compiled bootstrap.js  (153ms)  (pid 4456)
Compiled home.js  (79ms)  (pid 4456)
Compiled horses.js  (76ms)  (pid 4456)
Compiled pages.js  (86ms)  (pid 4456)
Compiled static_pages.js  (78ms)  (pid 4456)
Compiled application.js  (564ms)  (pid 4456)
Compiled bootstrap_and_overrides.css  (2210ms)  (pid 4456)
Compiled home.css  (1ms)  (pid 4456)
Compiled horses.css  (1ms)  (pid 4456)
Compiled pages.css  (1ms)  (pid 4456)
Compiled static_pages.css  (3ms)  (pid 4456)
Compiled application.css  (2305ms)  (pid 4456)
Connecting to database specified by database.yml
Compiled jquery.js  (4ms)  (pid 4456)
Compiled jquery_ujs.js  (0ms)  (pid 4456)
Compiled bootstrap-transition.js  (0ms)  (pid 4456)
Compiled bootstrap-affix.js  (0ms)  (pid 4456)
Compiled bootstrap-alert.js  (0ms)  (pid 4456)
Compiled bootstrap-button.js  (0ms)  (pid 4456)
Compiled bootstrap-carousel.js  (0ms)  (pid 4456)
Compiled bootstrap-collapse.js  (0ms)  (pid 4456)
Compiled bootstrap-dropdown.js  (0ms)  (pid 4456)
Compiled bootstrap-modal.js  (0ms)  (pid 4456)
Compiled bootstrap-scrollspy.js  (0ms)  (pid 4456)
Compiled bootstrap-tab.js  (0ms)  (pid 4456)
Compiled bootstrap-tooltip.js  (0ms)  (pid 4456)
Compiled bootstrap-popover.js  (0ms)  (pid 4456)
Compiled bootstrap-typeahead.js  (0ms)  (pid 4456)
Compiled bootstrap.js  (137ms)  (pid 4456)
Compiled home.js  (70ms)  (pid 4456)
Compiled horses.js  (97ms)  (pid 4456)
Compiled pages.js  (69ms)  (pid 4456)
Compiled static_pages.js  (77ms)  (pid 4456)
Compiled application.js  (507ms)  (pid 4456)
Compiled bootstrap_and_overrides.css  (2049ms)  (pid 4456)
Compiled home.css  (1ms)  (pid 4456)
Compiled horses.css  (1ms)  (pid 4456)
Compiled pages.css  (1ms)  (pid 4456)
Compiled static_pages.css  (5ms)  (pid 4456)
Compiled application.css  (2124ms)  (pid 4456)
Connecting to database specified by database.yml
Compiled jquery.js  (5ms)  (pid 514)
Compiled jquery_ujs.js  (0ms)  (pid 514)
Compiled bootstrap-transition.js  (0ms)  (pid 514)
Compiled bootstrap-affix.js  (0ms)  (pid 514)
Compiled bootstrap-alert.js  (0ms)  (pid 514)
Compiled bootstrap-button.js  (0ms)  (pid 514)
Compiled bootstrap-carousel.js  (0ms)  (pid 514)
Compiled bootstrap-collapse.js  (0ms)  (pid 514)
Compiled bootstrap-dropdown.js  (0ms)  (pid 514)
Compiled bootstrap-modal.js  (0ms)  (pid 514)
Compiled bootstrap-scrollspy.js  (0ms)  (pid 514)
Compiled bootstrap-tab.js  (0ms)  (pid 514)
Compiled bootstrap-tooltip.js  (0ms)  (pid 514)
Compiled bootstrap-popover.js  (0ms)  (pid 514)
Compiled bootstrap-typeahead.js  (0ms)  (pid 514)
Compiled bootstrap.js  (130ms)  (pid 514)
Compiled home.js  (114ms)  (pid 514)
Compiled horses.js  (71ms)  (pid 514)
Compiled messages.js  (76ms)  (pid 514)
Compiled pages.js  (70ms)  (pid 514)
Compiled posts.js  (106ms)  (pid 514)
Compiled static_pages.js  (64ms)  (pid 514)
Compiled application.js  (725ms)  (pid 514)
Compiled bootstrap_and_overrides.css  (2400ms)  (pid 514)
Compiled home.css  (1ms)  (pid 514)
Compiled horses.css  (1ms)  (pid 514)
Compiled messages.css  (1ms)  (pid 514)
Compiled pages.css  (1ms)  (pid 514)
Compiled posts.css  (1ms)  (pid 514)
Compiled static_pages.css  (4ms)  (pid 514)
Compiled application.css  (2510ms)  (pid 514)
Connecting to database specified by database.yml
Compiled jquery.js  (4ms)  (pid 514)
Compiled jquery_ujs.js  (0ms)  (pid 514)
Compiled bootstrap-transition.js  (0ms)  (pid 514)
Compiled bootstrap-affix.js  (0ms)  (pid 514)
Compiled bootstrap-alert.js  (0ms)  (pid 514)
Compiled bootstrap-button.js  (0ms)  (pid 514)
Compiled bootstrap-carousel.js  (0ms)  (pid 514)
Compiled bootstrap-collapse.js  (0ms)  (pid 514)
Compiled bootstrap-dropdown.js  (0ms)  (pid 514)
Compiled bootstrap-modal.js  (0ms)  (pid 514)
Compiled bootstrap-scrollspy.js  (0ms)  (pid 514)
Compiled bootstrap-tab.js  (0ms)  (pid 514)
Compiled bootstrap-tooltip.js  (0ms)  (pid 514)
Compiled bootstrap-popover.js  (0ms)  (pid 514)
Compiled bootstrap-typeahead.js  (0ms)  (pid 514)
Compiled bootstrap.js  (128ms)  (pid 514)
Compiled home.js  (67ms)  (pid 514)
Compiled horses.js  (99ms)  (pid 514)
Compiled messages.js  (65ms)  (pid 514)
Compiled pages.js  (72ms)  (pid 514)
Compiled posts.js  (64ms)  (pid 514)
Compiled static_pages.js  (65ms)  (pid 514)
Compiled application.js  (649ms)  (pid 514)
Compiled bootstrap_and_overrides.css  (2150ms)  (pid 514)
Compiled home.css  (1ms)  (pid 514)
Compiled horses.css  (1ms)  (pid 514)
Compiled messages.css  (1ms)  (pid 514)
Compiled pages.css  (1ms)  (pid 514)
Compiled posts.css  (1ms)  (pid 514)
Compiled static_pages.css  (25ms)  (pid 514)
Compiled application.css  (2260ms)  (pid 514)
